[0.043s] Invoking command in '/home/jingxiangmo/Developer/LHF-robotics/dev_ws/build/xarm_msgs': CMAKE_PREFIX_PATH=${CMAKE_PREFIX_PATH}:/home/jingxiangmo/Developer/LHF-robotics/dev_ws/install/detection_node /usr/bin/cmake --build /home/jingxiangmo/Developer/LHF-robotics/dev_ws/build/xarm_msgs -- -j8 -l8
[0.191s] [  0%] Built target xarm_msgs__cpp
[0.198s] [ 12%] Built target xarm_msgs__rosidl_generator_c
[0.269s] [ 24%] Built target xarm_msgs__rosidl_typesupport_cpp
[0.273s] [ 37%] Built target xarm_msgs__rosidl_typesupport_c
[0.275s] [ 50%] Built target xarm_msgs__rosidl_typesupport_introspection_cpp
[0.288s] [ 63%] Built target xarm_msgs__rosidl_typesupport_introspection_c
[0.307s] [ 75%] Built target xarm_msgs__rosidl_typesupport_fastrtps_cpp
[0.396s] [ 88%] Built target xarm_msgs__rosidl_typesupport_fastrtps_c
[0.444s] [ 88%] Built target xarm_msgs
[0.514s] [ 88%] Built target xarm_msgs__py
[0.721s] [100%] Built target xarm_msgs__python
[0.807s] [100%] Built target xarm_msgs__rosidl_typesupport_introspection_c__pyext
[0.813s] [100%] Built target xarm_msgs__rosidl_typesupport_fastrtps_c__pyext
[0.814s] [100%] Built target xarm_msgs__rosidl_typesupport_c__pyext
[0.841s] Invoked command in '/home/jingxiangmo/Developer/LHF-robotics/dev_ws/build/xarm_msgs' returned '0': CMAKE_PREFIX_PATH=${CMAKE_PREFIX_PATH}:/home/jingxiangmo/Developer/LHF-robotics/dev_ws/install/detection_node /usr/bin/cmake --build /home/jingxiangmo/Developer/LHF-robotics/dev_ws/build/xarm_msgs -- -j8 -l8
[1.235s] Traceback (most recent call last):
  File "/usr/lib/python3/dist-packages/colcon_parallel_executor/executor/parallel.py", line 75, in execute
    loop.run_until_complete(future)
  File "/usr/lib/python3.8/asyncio/base_events.py", line 603, in run_until_complete
    self.run_forever()
  File "/usr/lib/python3.8/asyncio/base_events.py", line 570, in run_forever
    self._run_once()
  File "/usr/lib/python3.8/asyncio/base_events.py", line 1823, in _run_once
    event_list = self._selector.select(timeout)
  File "/usr/lib/python3.8/selectors.py", line 468, in select
    fd_event_list = self._selector.poll(timeout, max_ev)
KeyboardInterrupt

During handling of the above exception, another exception occurred:

Traceback (most recent call last):
  File "/usr/lib/python3/dist-packages/colcon_core/executor/__init__.py", line 91, in __call__
    rc = await self.task(*args, **kwargs)
  File "/usr/lib/python3/dist-packages/colcon_core/task/__init__.py", line 93, in __call__
    return await task_method(*args, **kwargs)
  File "/usr/lib/python3/dist-packages/colcon_ros/task/ament_cmake/build.py", line 59, in build
    rc = await extension.build(
  File "/usr/lib/python3/dist-packages/colcon_cmake/task/cmake/build.py", line 110, in build
    if await has_target(args.build_base, 'install'):
  File "/usr/lib/python3/dist-packages/colcon_cmake/task/cmake/__init__.py", line 57, in has_target
    return target in await get_makefile_targets(path)
  File "/usr/lib/python3/dist-packages/colcon_cmake/task/cmake/__init__.py", line 77, in get_makefile_targets
    output = await check_output([
  File "/usr/lib/python3/dist-packages/colcon_core/subprocess.py", line 129, in check_output
    assert not rc, f'Expected {args} to pass: {stderr_data}'
AssertionError: Expected ['/usr/bin/cmake', '--build', '/home/jingxiangmo/Developer/LHF-robotics/dev_ws/build/xarm_msgs', '--target', 'help'] to pass: make: *** [Makefile:11434: help] Interrupt

